[START][2022-10-06 21:52:07] LSP logging initiated
[WARN][2022-10-06 21:52:07] .../lua/vim/lsp.lua:1072	"server_request: no handler found for"	"workspace/diagnostic/refresh"
[WARN][2022-10-06 21:52:07] .../lua/vim/lsp.lua:1072	"server_request: no handler found for"	"workspace/diagnostic/refresh"
[START][2022-10-06 21:52:48] LSP logging initiated
[ERROR][2022-10-06 21:52:48] .../vim/lsp/rpc.lua:733	"rpc"	"clangd"	"stderr"	"I[21:52:48.532] clangd version 15.0.1 (https://github.com/llvm/llvm-project b73d2c8c720a8c8e6e73b11be4e27afa6cb75bdf)\nI[21:52:48.532] Features: linux+grpc\nI[21:52:48.532] PID: 22850\nI[21:52:48.532] Working directory: /home/mac/.dotfiles\nI[21:52:48.532] argv[0]: clangd\nI[21:52:48.532] Starting LSP over stdin/stdout\nI[21:52:48.533] <-- initialize(1)\nI[21:52:48.533] --> reply:initialize(1) 0 ms\n"
[ERROR][2022-10-06 21:52:48] .../vim/lsp/rpc.lua:733	"rpc"	"clangd"	"stderr"	"I[21:52:48.583] <-- initialized\nI[21:52:48.583] <-- textDocument/didOpen\n"
[ERROR][2022-10-06 21:52:48] .../vim/lsp/rpc.lua:733	"rpc"	"clangd"	"stderr"	"I[21:52:48.585] Failed to find compilation database for /home/mac/.dotfiles/.config/nvim/lua/user/test.cpp\nI[21:52:48.585] ASTWorker building file /home/mac/.dotfiles/.config/nvim/lua/user/test.cpp version 0 with command clangd fallback\n[/home/mac/.dotfiles/.config/nvim/lua/user]\n/usr/bin/clang -resource-dir=/home/mac/.dotfiles/.local/share/nvim/mason/packages/clangd/clangd/lib/clang/15.0.1 -- /home/mac/.dotfiles/.config/nvim/lua/user/test.cpp\n"
[ERROR][2022-10-06 21:52:48] .../vim/lsp/rpc.lua:733	"rpc"	"clangd"	"stderr"	"I[21:52:48.642] --> textDocument/publishDiagnostics\n"
[ERROR][2022-10-06 21:52:50] .../vim/lsp/rpc.lua:733	"rpc"	"clangd"	"stderr"	"I[21:52:50.365] <-- shutdown(2)\nI[21:52:50.365] --> reply:shutdown(2) 0 ms\n"
[START][2022-10-06 22:43:25] LSP logging initiated
[ERROR][2022-10-06 22:43:25] .../vim/lsp/rpc.lua:733	"rpc"	"clangd"	"stderr"	"I[22:43:25.308] clangd version 15.0.1 (https://github.com/llvm/llvm-project b73d2c8c720a8c8e6e73b11be4e27afa6cb75bdf)\nI[22:43:25.324] Features: linux+grpc\nI[22:43:25.324] PID: 6724\n"
[ERROR][2022-10-06 22:43:25] .../vim/lsp/rpc.lua:733	"rpc"	"clangd"	"stderr"	"I[22:43:25.324] Working directory: /home/mac/.dotfiles\nI[22:43:25.324] argv[0]: clangd\n"
[ERROR][2022-10-06 22:43:25] .../vim/lsp/rpc.lua:733	"rpc"	"clangd"	"stderr"	"I[22:43:25.354] Starting LSP over stdin/stdout\n"
[ERROR][2022-10-06 22:43:25] .../vim/lsp/rpc.lua:733	"rpc"	"clangd"	"stderr"	"I[22:43:25.394] <-- initialize(1)\n"
[ERROR][2022-10-06 22:43:25] .../vim/lsp/rpc.lua:733	"rpc"	"clangd"	"stderr"	"I[22:43:25.479] --> reply:initialize(1) 84 ms\n"
[ERROR][2022-10-06 22:43:25] .../vim/lsp/rpc.lua:733	"rpc"	"clangd"	"stderr"	"I[22:43:25.516] <-- initialized\n"
[ERROR][2022-10-06 22:43:25] .../vim/lsp/rpc.lua:733	"rpc"	"clangd"	"stderr"	"I[22:43:25.516] <-- textDocument/didOpen\n"
[ERROR][2022-10-06 22:43:25] .../vim/lsp/rpc.lua:733	"rpc"	"clangd"	"stderr"	"I[22:43:25.605] Failed to find compilation database for /home/mac/.dotfiles/.config/suckless/dwm/config.def.h\n"
[ERROR][2022-10-06 22:43:25] .../vim/lsp/rpc.lua:733	"rpc"	"clangd"	"stderr"	"I[22:43:25.605] ASTWorker building file /home/mac/.dotfiles/.config/suckless/dwm/config.def.h version 0 with command clangd fallback\n[/home/mac/.dotfiles/.config/suckless/dwm]\n/usr/bin/clang -xobjective-c++-header -resource-dir=/home/mac/.dotfiles/.local/share/nvim/mason/packages/clangd/clangd/lib/clang/15.0.1 -- /home/mac/.dotfiles/.config/suckless/dwm/config.def.h\n"
[ERROR][2022-10-06 22:43:26] .../vim/lsp/rpc.lua:733	"rpc"	"clangd"	"stderr"	"I[22:43:26.929] <-- textDocument/didChange\n"
[ERROR][2022-10-06 22:43:26] .../vim/lsp/rpc.lua:733	"rpc"	"clangd"	"stderr"	"I[22:43:26.941] <-- textDocument/completion(2)\n"
[ERROR][2022-10-06 22:43:27] .../vim/lsp/rpc.lua:733	"rpc"	"clangd"	"stderr"	"I[22:43:27.977] <-- textDocument/didChange\n"
[ERROR][2022-10-06 22:43:28] .../vim/lsp/rpc.lua:733	"rpc"	"clangd"	"stderr"	"I[22:43:28.013] Code complete: sema context TopLevel, query scopes [] (AnyScope=true), expected type <none>\n"
[ERROR][2022-10-06 22:43:28] .../vim/lsp/rpc.lua:733	"rpc"	"clangd"	"stderr"	"I[22:43:28.013] Code complete: 6 results from Sema, 0 from Index, 0 matched, 0 from identifiers, 6 returned.\nI[22:43:28.014] --> reply:textDocument/completion(2) 1072 ms\n"
[ERROR][2022-10-06 22:43:28] .../vim/lsp/rpc.lua:733	"rpc"	"clangd"	"stderr"	"I[22:43:28.122] --> textDocument/publishDiagnostics\n"
[ERROR][2022-10-06 22:43:28] .../vim/lsp/rpc.lua:733	"rpc"	"clangd"	"stderr"	"I[22:43:28.477] Failed to find compilation database for /home/mac/.dotfiles/.config/suckless/dwm/config.def.h\n"
[ERROR][2022-10-06 22:43:28] .../vim/lsp/rpc.lua:733	"rpc"	"clangd"	"stderr"	"I[22:43:28.477] ASTWorker building file /home/mac/.dotfiles/.config/suckless/dwm/config.def.h version 6 with command clangd fallback\n[/home/mac/.dotfiles/.config/suckless/dwm]\n/usr/bin/clang -xobjective-c++-header -resource-dir=/home/mac/.dotfiles/.local/share/nvim/mason/packages/clangd/clangd/lib/clang/15.0.1 -- /home/mac/.dotfiles/.config/suckless/dwm/config.def.h\n"
[ERROR][2022-10-06 22:43:28] .../vim/lsp/rpc.lua:733	"rpc"	"clangd"	"stderr"	"I[22:43:28.557] <-- textDocument/didChange\n"
[ERROR][2022-10-06 22:43:29] .../vim/lsp/rpc.lua:733	"rpc"	"clangd"	"stderr"	"I[22:43:29.058] Failed to find compilation database for /home/mac/.dotfiles/.config/suckless/dwm/config.def.h\n"
[ERROR][2022-10-06 22:43:29] .../vim/lsp/rpc.lua:733	"rpc"	"clangd"	"stderr"	"I[22:43:29.059] ASTWorker building file /home/mac/.dotfiles/.config/suckless/dwm/config.def.h version 8 with command clangd fallback\n[/home/mac/.dotfiles/.config/suckless/dwm]\n/usr/bin/clang -xobjective-c++-header -resource-dir=/home/mac/.dotfiles/.local/share/nvim/mason/packages/clangd/clangd/lib/clang/15.0.1 -- /home/mac/.dotfiles/.config/suckless/dwm/config.def.h\n"
[ERROR][2022-10-06 22:43:29] .../vim/lsp/rpc.lua:733	"rpc"	"clangd"	"stderr"	"I[22:43:29.093] --> textDocument/publishDiagnostics\n"
[ERROR][2022-10-06 22:43:29] .../vim/lsp/rpc.lua:733	"rpc"	"clangd"	"stderr"	"I[22:43:29.746] <-- shutdown(3)\nI[22:43:29.746] --> reply:shutdown(3) 0 ms\n"
[ERROR][2022-10-06 22:43:29] .../vim/lsp/rpc.lua:733	"rpc"	"clangd"	"stderr"	"I[22:43:29.765] <-- exit\n"
[ERROR][2022-10-06 22:43:29] .../vim/lsp/rpc.lua:733	"rpc"	"clangd"	"stderr"	"I[22:43:29.765] LSP finished, exiting with status 0\n"
[START][2022-10-06 22:43:31] LSP logging initiated
[ERROR][2022-10-06 22:43:31] .../vim/lsp/rpc.lua:733	"rpc"	"clangd"	"stderr"	"I[22:43:31.866] clangd version 15.0.1 (https://github.com/llvm/llvm-project b73d2c8c720a8c8e6e73b11be4e27afa6cb75bdf)\nI[22:43:31.866] Features: linux+grpc\nI[22:43:31.866] PID: 6746\nI[22:43:31.866] Working directory: /home/mac/.dotfiles\nI[22:43:31.866] argv[0]: clangd\nI[22:43:31.866] Starting LSP over stdin/stdout\nI[22:43:31.867] <-- initialize(1)\nI[22:43:31.868] --> reply:initialize(1) 1 ms\n"
[ERROR][2022-10-06 22:43:32] .../vim/lsp/rpc.lua:733	"rpc"	"clangd"	"stderr"	"I[22:43:32.051] <-- initialized\n"
[ERROR][2022-10-06 22:43:32] .../vim/lsp/rpc.lua:733	"rpc"	"clangd"	"stderr"	"I[22:43:32.052] <-- textDocument/didOpen\n"
[ERROR][2022-10-06 22:43:32] .../vim/lsp/rpc.lua:733	"rpc"	"clangd"	"stderr"	"I[22:43:32.053] Failed to find compilation database for /home/mac/.dotfiles/.config/suckless/dwm/config.def.h\nI[22:43:32.053] ASTWorker building file /home/mac/.dotfiles/.config/suckless/dwm/config.def.h version 0 with command clangd fallback\n[/home/mac/.dotfiles/.config/suckless/dwm]\n/usr/bin/clang -xobjective-c++-header -resource-dir=/home/mac/.dotfiles/.local/share/nvim/mason/packages/clangd/clangd/lib/clang/15.0.1 -- /home/mac/.dotfiles/.config/suckless/dwm/config.def.h\n"
[ERROR][2022-10-06 22:43:32] .../vim/lsp/rpc.lua:733	"rpc"	"clangd"	"stderr"	"I[22:43:32.102] --> textDocument/publishDiagnostics\n"
[ERROR][2022-10-06 22:43:37] .../vim/lsp/rpc.lua:733	"rpc"	"clangd"	"stderr"	"I[22:43:37.609] <-- textDocument/didChange\n"
[ERROR][2022-10-06 22:43:37] .../vim/lsp/rpc.lua:733	"rpc"	"clangd"	"stderr"	"I[22:43:37.660] Failed to find compilation database for /home/mac/.dotfiles/.config/suckless/dwm/config.def.h\n"
[ERROR][2022-10-06 22:43:37] .../vim/lsp/rpc.lua:733	"rpc"	"clangd"	"stderr"	"I[22:43:37.660] ASTWorker building file /home/mac/.dotfiles/.config/suckless/dwm/config.def.h version 4 with command clangd fallback\n[/home/mac/.dotfiles/.config/suckless/dwm]\n/usr/bin/clang -xobjective-c++-header -resource-dir=/home/mac/.dotfiles/.local/share/nvim/mason/packages/clangd/clangd/lib/clang/15.0.1 -- /home/mac/.dotfiles/.config/suckless/dwm/config.def.h\n"
[ERROR][2022-10-06 22:43:37] .../vim/lsp/rpc.lua:733	"rpc"	"clangd"	"stderr"	"I[22:43:37.687] --> textDocument/publishDiagnostics\n"
[ERROR][2022-10-06 22:43:38] .../vim/lsp/rpc.lua:733	"rpc"	"clangd"	"stderr"	"I[22:43:38.496] <-- textDocument/didChange\n"
[ERROR][2022-10-06 22:43:38] .../vim/lsp/rpc.lua:733	"rpc"	"clangd"	"stderr"	"I[22:43:38.546] Failed to find compilation database for /home/mac/.dotfiles/.config/suckless/dwm/config.def.h\n"
[ERROR][2022-10-06 22:43:38] .../vim/lsp/rpc.lua:733	"rpc"	"clangd"	"stderr"	"I[22:43:38.547] ASTWorker building file /home/mac/.dotfiles/.config/suckless/dwm/config.def.h version 5 with command clangd fallback\n[/home/mac/.dotfiles/.config/suckless/dwm]\n/usr/bin/clang -xobjective-c++-header -resource-dir=/home/mac/.dotfiles/.local/share/nvim/mason/packages/clangd/clangd/lib/clang/15.0.1 -- /home/mac/.dotfiles/.config/suckless/dwm/config.def.h\n"
[ERROR][2022-10-06 22:43:38] .../vim/lsp/rpc.lua:733	"rpc"	"clangd"	"stderr"	"I[22:43:38.594] --> textDocument/publishDiagnostics\n"
[ERROR][2022-10-06 22:43:39] .../vim/lsp/rpc.lua:733	"rpc"	"clangd"	"stderr"	"I[22:43:39.061] <-- textDocument/didChange\n"
[ERROR][2022-10-06 22:43:39] .../vim/lsp/rpc.lua:733	"rpc"	"clangd"	"stderr"	"I[22:43:39.072] <-- textDocument/completion(2)\n"
[ERROR][2022-10-06 22:43:39] .../vim/lsp/rpc.lua:733	"rpc"	"clangd"	"stderr"	"I[22:43:39.085] Code complete: 0 results from Sema, 0 from Index, 0 matched, 0 from identifiers, 0 returned.\n"
[ERROR][2022-10-06 22:43:39] .../vim/lsp/rpc.lua:733	"rpc"	"clangd"	"stderr"	"I[22:43:39.086] --> reply:textDocument/completion(2) 13 ms\n"
[ERROR][2022-10-06 22:43:39] .../vim/lsp/rpc.lua:733	"rpc"	"clangd"	"stderr"	"I[22:43:39.111] Failed to find compilation database for /home/mac/.dotfiles/.config/suckless/dwm/config.def.h\n"
[ERROR][2022-10-06 22:43:39] .../vim/lsp/rpc.lua:733	"rpc"	"clangd"	"stderr"	"I[22:43:39.111] ASTWorker building file /home/mac/.dotfiles/.config/suckless/dwm/config.def.h version 6 with command clangd fallback\n[/home/mac/.dotfiles/.config/suckless/dwm]\n/usr/bin/clang -xobjective-c++-header -resource-dir=/home/mac/.dotfiles/.local/share/nvim/mason/packages/clangd/clangd/lib/clang/15.0.1 -- /home/mac/.dotfiles/.config/suckless/dwm/config.def.h\n"
[ERROR][2022-10-06 22:43:39] .../vim/lsp/rpc.lua:733	"rpc"	"clangd"	"stderr"	"I[22:43:39.138] --> textDocument/publishDiagnostics\n"
[ERROR][2022-10-06 22:43:39] .../vim/lsp/rpc.lua:733	"rpc"	"clangd"	"stderr"	"I[22:43:39.256] <-- textDocument/didChange\n"
[ERROR][2022-10-06 22:43:39] .../vim/lsp/rpc.lua:733	"rpc"	"clangd"	"stderr"	"I[22:43:39.307] Failed to find compilation database for /home/mac/.dotfiles/.config/suckless/dwm/config.def.h\n"
[ERROR][2022-10-06 22:43:39] .../vim/lsp/rpc.lua:733	"rpc"	"clangd"	"stderr"	"I[22:43:39.307] ASTWorker building file /home/mac/.dotfiles/.config/suckless/dwm/config.def.h version 7 with command clangd fallback\n[/home/mac/.dotfiles/.config/suckless/dwm]\n/usr/bin/clang -xobjective-c++-header -resource-dir=/home/mac/.dotfiles/.local/share/nvim/mason/packages/clangd/clangd/lib/clang/15.0.1 -- /home/mac/.dotfiles/.config/suckless/dwm/config.def.h\n"
[ERROR][2022-10-06 22:43:39] .../vim/lsp/rpc.lua:733	"rpc"	"clangd"	"stderr"	"I[22:43:39.345] --> textDocument/publishDiagnostics\n"
[ERROR][2022-10-06 22:43:39] .../vim/lsp/rpc.lua:733	"rpc"	"clangd"	"stderr"	"I[22:43:39.406] <-- textDocument/didChange\n"
[ERROR][2022-10-06 22:43:39] .../vim/lsp/rpc.lua:733	"rpc"	"clangd"	"stderr"	"I[22:43:39.456] Failed to find compilation database for /home/mac/.dotfiles/.config/suckless/dwm/config.def.h\n"
[ERROR][2022-10-06 22:43:39] .../vim/lsp/rpc.lua:733	"rpc"	"clangd"	"stderr"	"I[22:43:39.456] ASTWorker building file /home/mac/.dotfiles/.config/suckless/dwm/config.def.h version 8 with command clangd fallback\n[/home/mac/.dotfiles/.config/suckless/dwm]\n/usr/bin/clang -xobjective-c++-header -resource-dir=/home/mac/.dotfiles/.local/share/nvim/mason/packages/clangd/clangd/lib/clang/15.0.1 -- /home/mac/.dotfiles/.config/suckless/dwm/config.def.h\n"
[ERROR][2022-10-06 22:43:39] .../vim/lsp/rpc.lua:733	"rpc"	"clangd"	"stderr"	"I[22:43:39.499] --> textDocument/publishDiagnostics\n"
[ERROR][2022-10-06 22:43:39] .../vim/lsp/rpc.lua:733	"rpc"	"clangd"	"stderr"	"I[22:43:39.556] <-- textDocument/didChange\n"
[ERROR][2022-10-06 22:43:39] .../vim/lsp/rpc.lua:733	"rpc"	"clangd"	"stderr"	"I[22:43:39.606] Failed to find compilation database for /home/mac/.dotfiles/.config/suckless/dwm/config.def.h\n"
[ERROR][2022-10-06 22:43:39] .../vim/lsp/rpc.lua:733	"rpc"	"clangd"	"stderr"	"I[22:43:39.607] ASTWorker building file /home/mac/.dotfiles/.config/suckless/dwm/config.def.h version 9 with command clangd fallback\n[/home/mac/.dotfiles/.config/suckless/dwm]\n/usr/bin/clang -xobjective-c++-header -resource-dir=/home/mac/.dotfiles/.local/share/nvim/mason/packages/clangd/clangd/lib/clang/15.0.1 -- /home/mac/.dotfiles/.config/suckless/dwm/config.def.h\n"
[ERROR][2022-10-06 22:43:39] .../vim/lsp/rpc.lua:733	"rpc"	"clangd"	"stderr"	"I[22:43:39.643] --> textDocument/publishDiagnostics\n"
[ERROR][2022-10-06 22:43:43] .../vim/lsp/rpc.lua:733	"rpc"	"clangd"	"stderr"	"I[22:43:43.043] <-- textDocument/didChange\n"
[ERROR][2022-10-06 22:43:43] .../vim/lsp/rpc.lua:733	"rpc"	"clangd"	"stderr"	"I[22:43:43.093] Failed to find compilation database for /home/mac/.dotfiles/.config/suckless/dwm/config.def.h\n"
[ERROR][2022-10-06 22:43:43] .../vim/lsp/rpc.lua:733	"rpc"	"clangd"	"stderr"	"I[22:43:43.095] ASTWorker building file /home/mac/.dotfiles/.config/suckless/dwm/config.def.h version 10 with command clangd fallback\n[/home/mac/.dotfiles/.config/suckless/dwm]\n/usr/bin/clang -xobjective-c++-header -resource-dir=/home/mac/.dotfiles/.local/share/nvim/mason/packages/clangd/clangd/lib/clang/15.0.1 -- /home/mac/.dotfiles/.config/suckless/dwm/config.def.h\n"
[ERROR][2022-10-06 22:43:43] .../vim/lsp/rpc.lua:733	"rpc"	"clangd"	"stderr"	"I[22:43:43.120] --> textDocument/publishDiagnostics\n"
[ERROR][2022-10-06 22:43:43] .../vim/lsp/rpc.lua:733	"rpc"	"clangd"	"stderr"	"I[22:43:43.847] <-- textDocument/didChange\n"
[ERROR][2022-10-06 22:43:43] .../vim/lsp/rpc.lua:733	"rpc"	"clangd"	"stderr"	"I[22:43:43.897] Failed to find compilation database for /home/mac/.dotfiles/.config/suckless/dwm/config.def.h\n"
[ERROR][2022-10-06 22:43:43] .../vim/lsp/rpc.lua:733	"rpc"	"clangd"	"stderr"	"I[22:43:43.898] ASTWorker building file /home/mac/.dotfiles/.config/suckless/dwm/config.def.h version 11 with command clangd fallback\n[/home/mac/.dotfiles/.config/suckless/dwm]\n/usr/bin/clang -xobjective-c++-header -resource-dir=/home/mac/.dotfiles/.local/share/nvim/mason/packages/clangd/clangd/lib/clang/15.0.1 -- /home/mac/.dotfiles/.config/suckless/dwm/config.def.h\n"
[ERROR][2022-10-06 22:43:43] .../vim/lsp/rpc.lua:733	"rpc"	"clangd"	"stderr"	"I[22:43:43.942] --> textDocument/publishDiagnostics\n"
[ERROR][2022-10-06 22:43:43] .../vim/lsp/rpc.lua:733	"rpc"	"clangd"	"stderr"	"I[22:43:43.997] <-- textDocument/didChange\n"
[ERROR][2022-10-06 22:43:44] .../vim/lsp/rpc.lua:733	"rpc"	"clangd"	"stderr"	"I[22:43:44.047] Failed to find compilation database for /home/mac/.dotfiles/.config/suckless/dwm/config.def.h\n"
[ERROR][2022-10-06 22:43:44] .../vim/lsp/rpc.lua:733	"rpc"	"clangd"	"stderr"	"I[22:43:44.048] ASTWorker building file /home/mac/.dotfiles/.config/suckless/dwm/config.def.h version 12 with command clangd fallback\n[/home/mac/.dotfiles/.config/suckless/dwm]\n/usr/bin/clang -xobjective-c++-header -resource-dir=/home/mac/.dotfiles/.local/share/nvim/mason/packages/clangd/clangd/lib/clang/15.0.1 -- /home/mac/.dotfiles/.config/suckless/dwm/config.def.h\n"
[ERROR][2022-10-06 22:43:44] .../vim/lsp/rpc.lua:733	"rpc"	"clangd"	"stderr"	"I[22:43:44.088] --> textDocument/publishDiagnostics\n"
[ERROR][2022-10-06 22:43:47] .../vim/lsp/rpc.lua:733	"rpc"	"clangd"	"stderr"	"I[22:43:47.907] <-- textDocument/didSave\nI[22:43:47.907] File version went from 12 to 12\n"
[ERROR][2022-10-06 22:43:47] .../vim/lsp/rpc.lua:733	"rpc"	"clangd"	"stderr"	"I[22:43:47.957] Failed to find compilation database for /home/mac/.dotfiles/.config/suckless/dwm/config.def.h\n"
[ERROR][2022-10-06 22:43:47] .../vim/lsp/rpc.lua:733	"rpc"	"clangd"	"stderr"	"I[22:43:47.957] ASTWorker building file /home/mac/.dotfiles/.config/suckless/dwm/config.def.h version 12 with command clangd fallback\n[/home/mac/.dotfiles/.config/suckless/dwm]\n/usr/bin/clang -xobjective-c++-header -resource-dir=/home/mac/.dotfiles/.local/share/nvim/mason/packages/clangd/clangd/lib/clang/15.0.1 -- /home/mac/.dotfiles/.config/suckless/dwm/config.def.h\n"
[ERROR][2022-10-06 22:48:33] .../vim/lsp/rpc.lua:733	"rpc"	"clangd"	"stderr"	"I[22:48:33.733] <-- textDocument/didChange\n"
[ERROR][2022-10-06 22:48:33] .../vim/lsp/rpc.lua:733	"rpc"	"clangd"	"stderr"	"I[22:48:33.783] Failed to find compilation database for /home/mac/.dotfiles/.config/suckless/dwm/config.def.h\n"
[ERROR][2022-10-06 22:48:33] .../vim/lsp/rpc.lua:733	"rpc"	"clangd"	"stderr"	"I[22:48:33.784] ASTWorker building file /home/mac/.dotfiles/.config/suckless/dwm/config.def.h version 14 with command clangd fallback\n[/home/mac/.dotfiles/.config/suckless/dwm]\n/usr/bin/clang -xobjective-c++-header -resource-dir=/home/mac/.dotfiles/.local/share/nvim/mason/packages/clangd/clangd/lib/clang/15.0.1 -- /home/mac/.dotfiles/.config/suckless/dwm/config.def.h\n"
[ERROR][2022-10-06 22:48:33] .../vim/lsp/rpc.lua:733	"rpc"	"clangd"	"stderr"	"I[22:48:33.855] --> textDocument/publishDiagnostics\n"
[ERROR][2022-10-06 22:48:35] .../vim/lsp/rpc.lua:733	"rpc"	"clangd"	"stderr"	"I[22:48:35.684] <-- textDocument/didChange\n"
[ERROR][2022-10-06 22:48:35] .../vim/lsp/rpc.lua:733	"rpc"	"clangd"	"stderr"	"I[22:48:35.734] Failed to find compilation database for /home/mac/.dotfiles/.config/suckless/dwm/config.def.h\n"
[ERROR][2022-10-06 22:48:35] .../vim/lsp/rpc.lua:733	"rpc"	"clangd"	"stderr"	"I[22:48:35.735] ASTWorker building file /home/mac/.dotfiles/.config/suckless/dwm/config.def.h version 15 with command clangd fallback\n[/home/mac/.dotfiles/.config/suckless/dwm]\n/usr/bin/clang -xobjective-c++-header -resource-dir=/home/mac/.dotfiles/.local/share/nvim/mason/packages/clangd/clangd/lib/clang/15.0.1 -- /home/mac/.dotfiles/.config/suckless/dwm/config.def.h\n"
[ERROR][2022-10-06 22:48:35] .../vim/lsp/rpc.lua:733	"rpc"	"clangd"	"stderr"	"I[22:48:35.777] --> textDocument/publishDiagnostics\n"
[ERROR][2022-10-06 22:48:37] .../vim/lsp/rpc.lua:733	"rpc"	"clangd"	"stderr"	"I[22:48:37.041] <-- textDocument/didChange\n"
[ERROR][2022-10-06 22:48:37] .../vim/lsp/rpc.lua:733	"rpc"	"clangd"	"stderr"	"I[22:48:37.091] Failed to find compilation database for /home/mac/.dotfiles/.config/suckless/dwm/config.def.h\n"
[ERROR][2022-10-06 22:48:37] .../vim/lsp/rpc.lua:733	"rpc"	"clangd"	"stderr"	"I[22:48:37.092] ASTWorker building file /home/mac/.dotfiles/.config/suckless/dwm/config.def.h version 16 with command clangd fallback\n[/home/mac/.dotfiles/.config/suckless/dwm]\n/usr/bin/clang -xobjective-c++-header -resource-dir=/home/mac/.dotfiles/.local/share/nvim/mason/packages/clangd/clangd/lib/clang/15.0.1 -- /home/mac/.dotfiles/.config/suckless/dwm/config.def.h\n"
[ERROR][2022-10-06 22:48:37] .../vim/lsp/rpc.lua:733	"rpc"	"clangd"	"stderr"	"I[22:48:37.116] --> textDocument/publishDiagnostics\n"
[ERROR][2022-10-06 22:48:38] .../vim/lsp/rpc.lua:733	"rpc"	"clangd"	"stderr"	"I[22:48:38.932] <-- textDocument/didChange\n"
[ERROR][2022-10-06 22:48:38] .../vim/lsp/rpc.lua:733	"rpc"	"clangd"	"stderr"	"I[22:48:38.983] Failed to find compilation database for /home/mac/.dotfiles/.config/suckless/dwm/config.def.h\n"
[ERROR][2022-10-06 22:48:38] .../vim/lsp/rpc.lua:733	"rpc"	"clangd"	"stderr"	"I[22:48:38.984] ASTWorker building file /home/mac/.dotfiles/.config/suckless/dwm/config.def.h version 17 with command clangd fallback\n[/home/mac/.dotfiles/.config/suckless/dwm]\n/usr/bin/clang -xobjective-c++-header -resource-dir=/home/mac/.dotfiles/.local/share/nvim/mason/packages/clangd/clangd/lib/clang/15.0.1 -- /home/mac/.dotfiles/.config/suckless/dwm/config.def.h\n"
[ERROR][2022-10-06 22:48:39] .../vim/lsp/rpc.lua:733	"rpc"	"clangd"	"stderr"	"I[22:48:39.009] --> textDocument/publishDiagnostics\n"
[ERROR][2022-10-06 22:48:42] .../vim/lsp/rpc.lua:733	"rpc"	"clangd"	"stderr"	"I[22:48:42.859] <-- textDocument/didSave\nI[22:48:42.859] File version went from 17 to 17\n"
[ERROR][2022-10-06 22:48:42] .../vim/lsp/rpc.lua:733	"rpc"	"clangd"	"stderr"	"I[22:48:42.909] Failed to find compilation database for /home/mac/.dotfiles/.config/suckless/dwm/config.def.h\n"
[ERROR][2022-10-06 22:48:42] .../vim/lsp/rpc.lua:733	"rpc"	"clangd"	"stderr"	"I[22:48:42.910] ASTWorker building file /home/mac/.dotfiles/.config/suckless/dwm/config.def.h version 17 with command clangd fallback\n[/home/mac/.dotfiles/.config/suckless/dwm]\n/usr/bin/clang -xobjective-c++-header -resource-dir=/home/mac/.dotfiles/.local/share/nvim/mason/packages/clangd/clangd/lib/clang/15.0.1 -- /home/mac/.dotfiles/.config/suckless/dwm/config.def.h\n"
[ERROR][2022-10-06 22:48:48] .../vim/lsp/rpc.lua:733	"rpc"	"clangd"	"stderr"	"I[22:48:48.268] <-- textDocument/didChange\n"
[ERROR][2022-10-06 22:48:48] .../vim/lsp/rpc.lua:733	"rpc"	"clangd"	"stderr"	"I[22:48:48.319] Failed to find compilation database for /home/mac/.dotfiles/.config/suckless/dwm/config.def.h\n"
[ERROR][2022-10-06 22:48:48] .../vim/lsp/rpc.lua:733	"rpc"	"clangd"	"stderr"	"I[22:48:48.320] ASTWorker building file /home/mac/.dotfiles/.config/suckless/dwm/config.def.h version 19 with command clangd fallback\n[/home/mac/.dotfiles/.config/suckless/dwm]\n/usr/bin/clang -xobjective-c++-header -resource-dir=/home/mac/.dotfiles/.local/share/nvim/mason/packages/clangd/clangd/lib/clang/15.0.1 -- /home/mac/.dotfiles/.config/suckless/dwm/config.def.h\n"
[ERROR][2022-10-06 22:48:48] .../vim/lsp/rpc.lua:733	"rpc"	"clangd"	"stderr"	"I[22:48:48.356] --> textDocument/publishDiagnostics\n"
[ERROR][2022-10-06 22:48:48] .../vim/lsp/rpc.lua:733	"rpc"	"clangd"	"stderr"	"I[22:48:48.675] <-- textDocument/didChange\n"
[ERROR][2022-10-06 22:48:48] .../vim/lsp/rpc.lua:733	"rpc"	"clangd"	"stderr"	"I[22:48:48.682] <-- textDocument/completion(3)\n"
[ERROR][2022-10-06 22:48:48] .../vim/lsp/rpc.lua:733	"rpc"	"clangd"	"stderr"	"I[22:48:48.701] Code complete: 0 results from Sema, 0 from Index, 0 matched, 0 from identifiers, 0 returned.\nI[22:48:48.701] --> reply:textDocument/completion(3) 19 ms\n"
[ERROR][2022-10-06 22:48:48] .../vim/lsp/rpc.lua:733	"rpc"	"clangd"	"stderr"	"I[22:48:48.725] Failed to find compilation database for /home/mac/.dotfiles/.config/suckless/dwm/config.def.h\nI[22:48:48.725] ASTWorker building file /home/mac/.dotfiles/.config/suckless/dwm/config.def.h version 20 with command clangd fallback\n[/home/mac/.dotfiles/.config/suckless/dwm]\n/usr/bin/clang -xobjective-c++-header -resource-dir=/home/mac/.dotfiles/.local/share/nvim/mason/packages/clangd/clangd/lib/clang/15.0.1 -- /home/mac/.dotfiles/.config/suckless/dwm/config.def.h\n"
[ERROR][2022-10-06 22:48:48] .../vim/lsp/rpc.lua:733	"rpc"	"clangd"	"stderr"	"I[22:48:48.754] --> textDocument/publishDiagnostics\n"
[ERROR][2022-10-06 22:48:58] .../vim/lsp/rpc.lua:733	"rpc"	"clangd"	"stderr"	"I[22:48:58.048] <-- textDocument/didChange\n"
[ERROR][2022-10-06 22:48:58] .../vim/lsp/rpc.lua:733	"rpc"	"clangd"	"stderr"	"I[22:48:58.098] Failed to find compilation database for /home/mac/.dotfiles/.config/suckless/dwm/config.def.h\nI[22:48:58.099] ASTWorker building file /home/mac/.dotfiles/.config/suckless/dwm/config.def.h version 21 with command clangd fallback\n[/home/mac/.dotfiles/.config/suckless/dwm]\n/usr/bin/clang -xobjective-c++-header -resource-dir=/home/mac/.dotfiles/.local/share/nvim/mason/packages/clangd/clangd/lib/clang/15.0.1 -- /home/mac/.dotfiles/.config/suckless/dwm/config.def.h\n"
[ERROR][2022-10-06 22:48:58] .../vim/lsp/rpc.lua:733	"rpc"	"clangd"	"stderr"	"I[22:48:58.152] --> textDocument/publishDiagnostics\n"
[ERROR][2022-10-06 22:48:58] .../vim/lsp/rpc.lua:733	"rpc"	"clangd"	"stderr"	"I[22:48:58.670] <-- textDocument/didChange\n"
[ERROR][2022-10-06 22:48:58] .../vim/lsp/rpc.lua:733	"rpc"	"clangd"	"stderr"	"I[22:48:58.681] <-- textDocument/completion(4)\n"
[ERROR][2022-10-06 22:48:58] .../vim/lsp/rpc.lua:733	"rpc"	"clangd"	"stderr"	"I[22:48:58.694] Code complete: 0 results from Sema, 0 from Index, 0 matched, 0 from identifiers, 0 returned.\nI[22:48:58.694] --> reply:textDocument/completion(4) 13 ms\n"
[ERROR][2022-10-06 22:48:58] .../vim/lsp/rpc.lua:733	"rpc"	"clangd"	"stderr"	"I[22:48:58.720] Failed to find compilation database for /home/mac/.dotfiles/.config/suckless/dwm/config.def.h\nI[22:48:58.721] ASTWorker building file /home/mac/.dotfiles/.config/suckless/dwm/config.def.h version 22 with command clangd fallback\n[/home/mac/.dotfiles/.config/suckless/dwm]\n/usr/bin/clang -xobjective-c++-header -resource-dir=/home/mac/.dotfiles/.local/share/nvim/mason/packages/clangd/clangd/lib/clang/15.0.1 -- /home/mac/.dotfiles/.config/suckless/dwm/config.def.h\n"
[ERROR][2022-10-06 22:48:58] .../vim/lsp/rpc.lua:733	"rpc"	"clangd"	"stderr"	"I[22:48:58.751] --> textDocument/publishDiagnostics\n"
[ERROR][2022-10-06 22:49:00] .../vim/lsp/rpc.lua:733	"rpc"	"clangd"	"stderr"	"I[22:49:00.618] <-- textDocument/didSave\nI[22:49:00.618] File version went from 22 to 22\n"
[ERROR][2022-10-06 22:49:00] .../vim/lsp/rpc.lua:733	"rpc"	"clangd"	"stderr"	"I[22:49:00.668] Failed to find compilation database for /home/mac/.dotfiles/.config/suckless/dwm/config.def.h\n"
[ERROR][2022-10-06 22:49:00] .../vim/lsp/rpc.lua:733	"rpc"	"clangd"	"stderr"	"I[22:49:00.668] ASTWorker building file /home/mac/.dotfiles/.config/suckless/dwm/config.def.h version 22 with command clangd fallback\n[/home/mac/.dotfiles/.config/suckless/dwm]\n/usr/bin/clang -xobjective-c++-header -resource-dir=/home/mac/.dotfiles/.local/share/nvim/mason/packages/clangd/clangd/lib/clang/15.0.1 -- /home/mac/.dotfiles/.config/suckless/dwm/config.def.h\n"
[ERROR][2022-10-06 22:49:01] .../vim/lsp/rpc.lua:733	"rpc"	"clangd"	"stderr"	"I[22:49:01.275] <-- shutdown(5)\nI[22:49:01.275] --> reply:shutdown(5) 0 ms\n"
[ERROR][2022-10-06 22:49:01] .../vim/lsp/rpc.lua:733	"rpc"	"clangd"	"stderr"	"I[22:49:01.290] <-- exit\nI[22:49:01.290] LSP finished, exiting with status 0\n"
[START][2022-10-06 22:52:06] LSP logging initiated
[ERROR][2022-10-06 22:52:06] .../vim/lsp/rpc.lua:733	"rpc"	"clangd"	"stderr"	"I[22:52:06.519] clangd version 15.0.1 (https://github.com/llvm/llvm-project b73d2c8c720a8c8e6e73b11be4e27afa6cb75bdf)\nI[22:52:06.520] Features: linux+grpc\nI[22:52:06.520] PID: 9209\nI[22:52:06.520] Working directory: /home/mac/.dotfiles\nI[22:52:06.520] argv[0]: clangd\nI[22:52:06.520] Starting LSP over stdin/stdout\nI[22:52:06.520] <-- initialize(1)\nI[22:52:06.521] --> reply:initialize(1) 0 ms\n"
[ERROR][2022-10-06 22:52:06] .../vim/lsp/rpc.lua:733	"rpc"	"clangd"	"stderr"	"I[22:52:06.707] <-- initialized\n"
[ERROR][2022-10-06 22:52:06] .../vim/lsp/rpc.lua:733	"rpc"	"clangd"	"stderr"	"I[22:52:06.707] <-- textDocument/didOpen\n"
[ERROR][2022-10-06 22:52:06] .../vim/lsp/rpc.lua:733	"rpc"	"clangd"	"stderr"	"I[22:52:06.709] Failed to find compilation database for /home/mac/.dotfiles/.config/suckless/dwm/config.def.h\nI[22:52:06.709] ASTWorker building file /home/mac/.dotfiles/.config/suckless/dwm/config.def.h version 0 with command clangd fallback\n[/home/mac/.dotfiles/.config/suckless/dwm]\n/usr/bin/clang -xobjective-c++-header -resource-dir=/home/mac/.dotfiles/.local/share/nvim/mason/packages/clangd/clangd/lib/clang/15.0.1 -- /home/mac/.dotfiles/.config/suckless/dwm/config.def.h\n"
[ERROR][2022-10-06 22:52:06] .../vim/lsp/rpc.lua:733	"rpc"	"clangd"	"stderr"	"I[22:52:06.757] --> textDocument/publishDiagnostics\n"
[ERROR][2022-10-06 22:52:16] .../vim/lsp/rpc.lua:733	"rpc"	"clangd"	"stderr"	"I[22:52:16.527] <-- textDocument/didChange\n"
[ERROR][2022-10-06 22:52:16] .../vim/lsp/rpc.lua:733	"rpc"	"clangd"	"stderr"	"I[22:52:16.578] Failed to find compilation database for /home/mac/.dotfiles/.config/suckless/dwm/config.def.h\n"
[ERROR][2022-10-06 22:52:16] .../vim/lsp/rpc.lua:733	"rpc"	"clangd"	"stderr"	"I[22:52:16.579] ASTWorker building file /home/mac/.dotfiles/.config/suckless/dwm/config.def.h version 4 with command clangd fallback\n[/home/mac/.dotfiles/.config/suckless/dwm]\n/usr/bin/clang -xobjective-c++-header -resource-dir=/home/mac/.dotfiles/.local/share/nvim/mason/packages/clangd/clangd/lib/clang/15.0.1 -- /home/mac/.dotfiles/.config/suckless/dwm/config.def.h\n"
[ERROR][2022-10-06 22:52:16] .../vim/lsp/rpc.lua:733	"rpc"	"clangd"	"stderr"	"I[22:52:16.611] --> textDocument/publishDiagnostics\n"
[ERROR][2022-10-06 22:52:17] .../vim/lsp/rpc.lua:733	"rpc"	"clangd"	"stderr"	"I[22:52:17.029] <-- textDocument/didChange\n"
[ERROR][2022-10-06 22:52:17] .../vim/lsp/rpc.lua:733	"rpc"	"clangd"	"stderr"	"I[22:52:17.079] Failed to find compilation database for /home/mac/.dotfiles/.config/suckless/dwm/config.def.h\n"
[ERROR][2022-10-06 22:52:17] .../vim/lsp/rpc.lua:733	"rpc"	"clangd"	"stderr"	"I[22:52:17.080] ASTWorker building file /home/mac/.dotfiles/.config/suckless/dwm/config.def.h version 6 with command clangd fallback\n[/home/mac/.dotfiles/.config/suckless/dwm]\n/usr/bin/clang -xobjective-c++-header -resource-dir=/home/mac/.dotfiles/.local/share/nvim/mason/packages/clangd/clangd/lib/clang/15.0.1 -- /home/mac/.dotfiles/.config/suckless/dwm/config.def.h\n"
[ERROR][2022-10-06 22:52:17] .../vim/lsp/rpc.lua:733	"rpc"	"clangd"	"stderr"	"I[22:52:17.117] --> textDocument/publishDiagnostics\n"
[ERROR][2022-10-06 22:52:17] .../vim/lsp/rpc.lua:733	"rpc"	"clangd"	"stderr"	"I[22:52:17.919] <-- textDocument/didChange\n"
[ERROR][2022-10-06 22:52:17] .../vim/lsp/rpc.lua:733	"rpc"	"clangd"	"stderr"	"I[22:52:17.969] Failed to find compilation database for /home/mac/.dotfiles/.config/suckless/dwm/config.def.h\n"
[ERROR][2022-10-06 22:52:17] .../vim/lsp/rpc.lua:733	"rpc"	"clangd"	"stderr"	"I[22:52:17.970] ASTWorker building file /home/mac/.dotfiles/.config/suckless/dwm/config.def.h version 8 with command clangd fallback\n[/home/mac/.dotfiles/.config/suckless/dwm]\n/usr/bin/clang -xobjective-c++-header -resource-dir=/home/mac/.dotfiles/.local/share/nvim/mason/packages/clangd/clangd/lib/clang/15.0.1 -- /home/mac/.dotfiles/.config/suckless/dwm/config.def.h\n"
[ERROR][2022-10-06 22:52:18] .../vim/lsp/rpc.lua:733	"rpc"	"clangd"	"stderr"	"I[22:52:18.018] --> textDocument/publishDiagnostics\n"
[ERROR][2022-10-06 22:52:20] .../vim/lsp/rpc.lua:733	"rpc"	"clangd"	"stderr"	"I[22:52:20.131] <-- textDocument/didChange\n"
[ERROR][2022-10-06 22:52:20] .../vim/lsp/rpc.lua:733	"rpc"	"clangd"	"stderr"	"I[22:52:20.181] Failed to find compilation database for /home/mac/.dotfiles/.config/suckless/dwm/config.def.h\n"
[ERROR][2022-10-06 22:52:20] .../vim/lsp/rpc.lua:733	"rpc"	"clangd"	"stderr"	"I[22:52:20.182] ASTWorker building file /home/mac/.dotfiles/.config/suckless/dwm/config.def.h version 10 with command clangd fallback\n[/home/mac/.dotfiles/.config/suckless/dwm]\n/usr/bin/clang -xobjective-c++-header -resource-dir=/home/mac/.dotfiles/.local/share/nvim/mason/packages/clangd/clangd/lib/clang/15.0.1 -- /home/mac/.dotfiles/.config/suckless/dwm/config.def.h\n"
[ERROR][2022-10-06 22:52:20] .../vim/lsp/rpc.lua:733	"rpc"	"clangd"	"stderr"	"I[22:52:20.223] --> textDocument/publishDiagnostics\n"
[ERROR][2022-10-06 22:52:20] .../vim/lsp/rpc.lua:733	"rpc"	"clangd"	"stderr"	"I[22:52:20.279] <-- textDocument/didChange\n"
[ERROR][2022-10-06 22:52:20] .../vim/lsp/rpc.lua:733	"rpc"	"clangd"	"stderr"	"I[22:52:20.329] Failed to find compilation database for /home/mac/.dotfiles/.config/suckless/dwm/config.def.h\n"
[ERROR][2022-10-06 22:52:20] .../vim/lsp/rpc.lua:733	"rpc"	"clangd"	"stderr"	"I[22:52:20.330] ASTWorker building file /home/mac/.dotfiles/.config/suckless/dwm/config.def.h version 11 with command clangd fallback\n[/home/mac/.dotfiles/.config/suckless/dwm]\n/usr/bin/clang -xobjective-c++-header -resource-dir=/home/mac/.dotfiles/.local/share/nvim/mason/packages/clangd/clangd/lib/clang/15.0.1 -- /home/mac/.dotfiles/.config/suckless/dwm/config.def.h\n"
[ERROR][2022-10-06 22:52:21] .../vim/lsp/rpc.lua:733	"rpc"	"clangd"	"stderr"	"I[22:52:21.521] <-- textDocument/didChange\n"
[ERROR][2022-10-06 22:52:21] .../vim/lsp/rpc.lua:733	"rpc"	"clangd"	"stderr"	"I[22:52:21.572] Failed to find compilation database for /home/mac/.dotfiles/.config/suckless/dwm/config.def.h\nI[22:52:21.572] ASTWorker building file /home/mac/.dotfiles/.config/suckless/dwm/config.def.h version 13 with command clangd fallback\n[/home/mac/.dotfiles/.config/suckless/dwm]\n/usr/bin/clang -xobjective-c++-header -resource-dir=/home/mac/.dotfiles/.local/share/nvim/mason/packages/clangd/clangd/lib/clang/15.0.1 -- /home/mac/.dotfiles/.config/suckless/dwm/config.def.h\n"
[ERROR][2022-10-06 22:52:21] .../vim/lsp/rpc.lua:733	"rpc"	"clangd"	"stderr"	"I[22:52:21.670] <-- textDocument/didChange\n"
[ERROR][2022-10-06 22:52:21] .../vim/lsp/rpc.lua:733	"rpc"	"clangd"	"stderr"	"I[22:52:21.720] Failed to find compilation database for /home/mac/.dotfiles/.config/suckless/dwm/config.def.h\n"
[ERROR][2022-10-06 22:52:21] .../vim/lsp/rpc.lua:733	"rpc"	"clangd"	"stderr"	"I[22:52:21.721] ASTWorker building file /home/mac/.dotfiles/.config/suckless/dwm/config.def.h version 14 with command clangd fallback\n[/home/mac/.dotfiles/.config/suckless/dwm]\n/usr/bin/clang -xobjective-c++-header -resource-dir=/home/mac/.dotfiles/.local/share/nvim/mason/packages/clangd/clangd/lib/clang/15.0.1 -- /home/mac/.dotfiles/.config/suckless/dwm/config.def.h\n"
[ERROR][2022-10-06 22:52:21] .../vim/lsp/rpc.lua:733	"rpc"	"clangd"	"stderr"	"I[22:52:21.766] --> textDocument/publishDiagnostics\n"
[ERROR][2022-10-06 22:52:22] .../vim/lsp/rpc.lua:733	"rpc"	"clangd"	"stderr"	"I[22:52:22.083] <-- textDocument/didChange\n"
[ERROR][2022-10-06 22:52:22] .../vim/lsp/rpc.lua:733	"rpc"	"clangd"	"stderr"	"I[22:52:22.133] Failed to find compilation database for /home/mac/.dotfiles/.config/suckless/dwm/config.def.h\n"
[ERROR][2022-10-06 22:52:22] .../vim/lsp/rpc.lua:733	"rpc"	"clangd"	"stderr"	"I[22:52:22.133] ASTWorker building file /home/mac/.dotfiles/.config/suckless/dwm/config.def.h version 16 with command clangd fallback\n[/home/mac/.dotfiles/.config/suckless/dwm]\n/usr/bin/clang -xobjective-c++-header -resource-dir=/home/mac/.dotfiles/.local/share/nvim/mason/packages/clangd/clangd/lib/clang/15.0.1 -- /home/mac/.dotfiles/.config/suckless/dwm/config.def.h\n"
[ERROR][2022-10-06 22:52:22] .../vim/lsp/rpc.lua:733	"rpc"	"clangd"	"stderr"	"I[22:52:22.176] --> textDocument/publishDiagnostics\n"
[ERROR][2022-10-06 22:52:38] .../vim/lsp/rpc.lua:733	"rpc"	"clangd"	"stderr"	"I[22:52:38.192] <-- textDocument/didChange\n"
[ERROR][2022-10-06 22:52:38] .../vim/lsp/rpc.lua:733	"rpc"	"clangd"	"stderr"	"I[22:52:38.206] <-- textDocument/completion(2)\nI[22:52:38.206] --> reply:textDocument/completion(2) 0 ms\n"
[ERROR][2022-10-06 22:52:38] .../vim/lsp/rpc.lua:733	"rpc"	"clangd"	"stderr"	"I[22:52:38.243] Failed to find compilation database for /home/mac/.dotfiles/.config/suckless/dwm/config.def.h\n"
[ERROR][2022-10-06 22:52:38] .../vim/lsp/rpc.lua:733	"rpc"	"clangd"	"stderr"	"I[22:52:38.243] ASTWorker building file /home/mac/.dotfiles/.config/suckless/dwm/config.def.h version 17 with command clangd fallback\n[/home/mac/.dotfiles/.config/suckless/dwm]\n/usr/bin/clang -xobjective-c++-header -resource-dir=/home/mac/.dotfiles/.local/share/nvim/mason/packages/clangd/clangd/lib/clang/15.0.1 -- /home/mac/.dotfiles/.config/suckless/dwm/config.def.h\n"
[ERROR][2022-10-06 22:52:38] .../vim/lsp/rpc.lua:733	"rpc"	"clangd"	"stderr"	"I[22:52:38.274] --> textDocument/publishDiagnostics\n"
[ERROR][2022-10-06 22:52:39] .../vim/lsp/rpc.lua:733	"rpc"	"clangd"	"stderr"	"I[22:52:39.460] <-- textDocument/didChange\n"
[ERROR][2022-10-06 22:52:39] .../vim/lsp/rpc.lua:733	"rpc"	"clangd"	"stderr"	"I[22:52:39.510] Failed to find compilation database for /home/mac/.dotfiles/.config/suckless/dwm/config.def.h\nI[22:52:39.511] ASTWorker building file /home/mac/.dotfiles/.config/suckless/dwm/config.def.h version 18 with command clangd fallback\n[/home/mac/.dotfiles/.config/suckless/dwm]\n/usr/bin/clang -xobjective-c++-header -resource-dir=/home/mac/.dotfiles/.local/share/nvim/mason/packages/clangd/clangd/lib/clang/15.0.1 -- /home/mac/.dotfiles/.config/suckless/dwm/config.def.h\n"
[ERROR][2022-10-06 22:52:39] .../vim/lsp/rpc.lua:733	"rpc"	"clangd"	"stderr"	"I[22:52:39.541] --> textDocument/publishDiagnostics\n"
[ERROR][2022-10-06 22:52:40] .../vim/lsp/rpc.lua:733	"rpc"	"clangd"	"stderr"	"I[22:52:40.488] <-- textDocument/didChange\n"
[ERROR][2022-10-06 22:52:40] .../vim/lsp/rpc.lua:733	"rpc"	"clangd"	"stderr"	"I[22:52:40.539] Failed to find compilation database for /home/mac/.dotfiles/.config/suckless/dwm/config.def.h\nI[22:52:40.539] ASTWorker building file /home/mac/.dotfiles/.config/suckless/dwm/config.def.h version 19 with command clangd fallback\n[/home/mac/.dotfiles/.config/suckless/dwm]\n/usr/bin/clang -xobjective-c++-header -resource-dir=/home/mac/.dotfiles/.local/share/nvim/mason/packages/clangd/clangd/lib/clang/15.0.1 -- /home/mac/.dotfiles/.config/suckless/dwm/config.def.h\n"
[ERROR][2022-10-06 22:52:40] .../vim/lsp/rpc.lua:733	"rpc"	"clangd"	"stderr"	"I[22:52:40.566] --> textDocument/publishDiagnostics\n"
[ERROR][2022-10-06 22:52:44] .../vim/lsp/rpc.lua:733	"rpc"	"clangd"	"stderr"	"I[22:52:44.010] <-- textDocument/didChange\n"
[ERROR][2022-10-06 22:52:44] .../vim/lsp/rpc.lua:733	"rpc"	"clangd"	"stderr"	"I[22:52:44.060] Failed to find compilation database for /home/mac/.dotfiles/.config/suckless/dwm/config.def.h\n"
[ERROR][2022-10-06 22:52:44] .../vim/lsp/rpc.lua:733	"rpc"	"clangd"	"stderr"	"I[22:52:44.061] ASTWorker building file /home/mac/.dotfiles/.config/suckless/dwm/config.def.h version 20 with command clangd fallback\n[/home/mac/.dotfiles/.config/suckless/dwm]\n/usr/bin/clang -xobjective-c++-header -resource-dir=/home/mac/.dotfiles/.local/share/nvim/mason/packages/clangd/clangd/lib/clang/15.0.1 -- /home/mac/.dotfiles/.config/suckless/dwm/config.def.h\n"
[ERROR][2022-10-06 22:52:44] .../vim/lsp/rpc.lua:733	"rpc"	"clangd"	"stderr"	"I[22:52:44.096] --> textDocument/publishDiagnostics\n"
[ERROR][2022-10-06 22:52:44] .../vim/lsp/rpc.lua:733	"rpc"	"clangd"	"stderr"	"I[22:52:44.872] <-- textDocument/didChange\n"
[ERROR][2022-10-06 22:52:44] .../vim/lsp/rpc.lua:733	"rpc"	"clangd"	"stderr"	"I[22:52:44.923] Failed to find compilation database for /home/mac/.dotfiles/.config/suckless/dwm/config.def.h\n"
[ERROR][2022-10-06 22:52:44] .../vim/lsp/rpc.lua:733	"rpc"	"clangd"	"stderr"	"I[22:52:44.924] ASTWorker building file /home/mac/.dotfiles/.config/suckless/dwm/config.def.h version 22 with command clangd fallback\n[/home/mac/.dotfiles/.config/suckless/dwm]\n/usr/bin/clang -xobjective-c++-header -resource-dir=/home/mac/.dotfiles/.local/share/nvim/mason/packages/clangd/clangd/lib/clang/15.0.1 -- /home/mac/.dotfiles/.config/suckless/dwm/config.def.h\n"
[ERROR][2022-10-06 22:52:44] .../vim/lsp/rpc.lua:733	"rpc"	"clangd"	"stderr"	"I[22:52:44.947] --> textDocument/publishDiagnostics\n"
[ERROR][2022-10-06 22:52:45] .../vim/lsp/rpc.lua:733	"rpc"	"clangd"	"stderr"	"I[22:52:45.020] <-- textDocument/didChange\n"
[ERROR][2022-10-06 22:52:45] .../vim/lsp/rpc.lua:733	"rpc"	"clangd"	"stderr"	"I[22:52:45.071] Failed to find compilation database for /home/mac/.dotfiles/.config/suckless/dwm/config.def.h\n"
[ERROR][2022-10-06 22:52:45] .../vim/lsp/rpc.lua:733	"rpc"	"clangd"	"stderr"	"I[22:52:45.071] ASTWorker building file /home/mac/.dotfiles/.config/suckless/dwm/config.def.h version 23 with command clangd fallback\n[/home/mac/.dotfiles/.config/suckless/dwm]\n/usr/bin/clang -xobjective-c++-header -resource-dir=/home/mac/.dotfiles/.local/share/nvim/mason/packages/clangd/clangd/lib/clang/15.0.1 -- /home/mac/.dotfiles/.config/suckless/dwm/config.def.h\n"
[ERROR][2022-10-06 22:52:46] .../vim/lsp/rpc.lua:733	"rpc"	"clangd"	"stderr"	"I[22:52:46.405] <-- textDocument/didChange\n"
[ERROR][2022-10-06 22:52:46] .../vim/lsp/rpc.lua:733	"rpc"	"clangd"	"stderr"	"I[22:52:46.455] Failed to find compilation database for /home/mac/.dotfiles/.config/suckless/dwm/config.def.h\n"
[ERROR][2022-10-06 22:52:46] .../vim/lsp/rpc.lua:733	"rpc"	"clangd"	"stderr"	"I[22:52:46.455] ASTWorker building file /home/mac/.dotfiles/.config/suckless/dwm/config.def.h version 25 with command clangd fallback\n[/home/mac/.dotfiles/.config/suckless/dwm]\n/usr/bin/clang -xobjective-c++-header -resource-dir=/home/mac/.dotfiles/.local/share/nvim/mason/packages/clangd/clangd/lib/clang/15.0.1 -- /home/mac/.dotfiles/.config/suckless/dwm/config.def.h\n"
[ERROR][2022-10-06 22:52:46] .../vim/lsp/rpc.lua:733	"rpc"	"clangd"	"stderr"	"I[22:52:46.485] --> textDocument/publishDiagnostics\n"
[ERROR][2022-10-06 22:52:48] .../vim/lsp/rpc.lua:733	"rpc"	"clangd"	"stderr"	"I[22:52:48.349] <-- textDocument/didChange\n"
[ERROR][2022-10-06 22:52:48] .../vim/lsp/rpc.lua:733	"rpc"	"clangd"	"stderr"	"I[22:52:48.400] Failed to find compilation database for /home/mac/.dotfiles/.config/suckless/dwm/config.def.h\n"
[ERROR][2022-10-06 22:52:48] .../vim/lsp/rpc.lua:733	"rpc"	"clangd"	"stderr"	"I[22:52:48.401] ASTWorker building file /home/mac/.dotfiles/.config/suckless/dwm/config.def.h version 27 with command clangd fallback\n[/home/mac/.dotfiles/.config/suckless/dwm]\n/usr/bin/clang -xobjective-c++-header -resource-dir=/home/mac/.dotfiles/.local/share/nvim/mason/packages/clangd/clangd/lib/clang/15.0.1 -- /home/mac/.dotfiles/.config/suckless/dwm/config.def.h\n"
[ERROR][2022-10-06 22:52:48] .../vim/lsp/rpc.lua:733	"rpc"	"clangd"	"stderr"	"I[22:52:48.426] --> textDocument/publishDiagnostics\n"
[ERROR][2022-10-06 22:52:50] .../vim/lsp/rpc.lua:733	"rpc"	"clangd"	"stderr"	"I[22:52:50.166] <-- textDocument/didChange\n"
[ERROR][2022-10-06 22:52:50] .../vim/lsp/rpc.lua:733	"rpc"	"clangd"	"stderr"	"I[22:52:50.178] <-- textDocument/didChange\nI[22:52:50.178] <-- textDocument/completion(3)\nI[22:52:50.178] --> reply:textDocument/completion(3) 0 ms\n"
[ERROR][2022-10-06 22:52:50] .../vim/lsp/rpc.lua:733	"rpc"	"clangd"	"stderr"	"I[22:52:50.229] Failed to find compilation database for /home/mac/.dotfiles/.config/suckless/dwm/config.def.h\nI[22:52:50.229] ASTWorker building file /home/mac/.dotfiles/.config/suckless/dwm/config.def.h version 29 with command clangd fallback\n[/home/mac/.dotfiles/.config/suckless/dwm]\n/usr/bin/clang -xobjective-c++-header -resource-dir=/home/mac/.dotfiles/.local/share/nvim/mason/packages/clangd/clangd/lib/clang/15.0.1 -- /home/mac/.dotfiles/.config/suckless/dwm/config.def.h\n"
[ERROR][2022-10-06 22:52:50] .../vim/lsp/rpc.lua:733	"rpc"	"clangd"	"stderr"	"I[22:52:50.258] --> textDocument/publishDiagnostics\n"
[ERROR][2022-10-06 22:52:51] .../vim/lsp/rpc.lua:733	"rpc"	"clangd"	"stderr"	"I[22:52:51.105] <-- textDocument/didChange\n"
[ERROR][2022-10-06 22:52:51] .../vim/lsp/rpc.lua:733	"rpc"	"clangd"	"stderr"	"I[22:52:51.155] Failed to find compilation database for /home/mac/.dotfiles/.config/suckless/dwm/config.def.h\n"
[ERROR][2022-10-06 22:52:51] .../vim/lsp/rpc.lua:733	"rpc"	"clangd"	"stderr"	"I[22:52:51.156] ASTWorker building file /home/mac/.dotfiles/.config/suckless/dwm/config.def.h version 30 with command clangd fallback\n[/home/mac/.dotfiles/.config/suckless/dwm]\n/usr/bin/clang -xobjective-c++-header -resource-dir=/home/mac/.dotfiles/.local/share/nvim/mason/packages/clangd/clangd/lib/clang/15.0.1 -- /home/mac/.dotfiles/.config/suckless/dwm/config.def.h\n"
[ERROR][2022-10-06 22:52:51] .../vim/lsp/rpc.lua:733	"rpc"	"clangd"	"stderr"	"I[22:52:51.183] --> textDocument/publishDiagnostics\n"
[ERROR][2022-10-06 22:54:32] .../vim/lsp/rpc.lua:733	"rpc"	"clangd"	"stderr"	"I[22:54:32.795] <-- textDocument/didChange\n"
[ERROR][2022-10-06 22:54:32] .../vim/lsp/rpc.lua:733	"rpc"	"clangd"	"stderr"	"I[22:54:32.807] <-- textDocument/completion(4)\nI[22:54:32.807] --> reply:textDocument/completion(4) 0 ms\n"
[ERROR][2022-10-06 22:54:32] .../vim/lsp/rpc.lua:733	"rpc"	"clangd"	"stderr"	"I[22:54:32.845] Failed to find compilation database for /home/mac/.dotfiles/.config/suckless/dwm/config.def.h\nI[22:54:32.846] ASTWorker building file /home/mac/.dotfiles/.config/suckless/dwm/config.def.h version 31 with command clangd fallback\n[/home/mac/.dotfiles/.config/suckless/dwm]\n/usr/bin/clang -xobjective-c++-header -resource-dir=/home/mac/.dotfiles/.local/share/nvim/mason/packages/clangd/clangd/lib/clang/15.0.1 -- /home/mac/.dotfiles/.config/suckless/dwm/config.def.h\n"
[ERROR][2022-10-06 22:54:32] .../vim/lsp/rpc.lua:733	"rpc"	"clangd"	"stderr"	"I[22:54:32.877] --> textDocument/publishDiagnostics\n"
[ERROR][2022-10-06 22:54:33] .../vim/lsp/rpc.lua:733	"rpc"	"clangd"	"stderr"	"I[22:54:33.445] <-- textDocument/didChange\n"
[ERROR][2022-10-06 22:54:33] .../vim/lsp/rpc.lua:733	"rpc"	"clangd"	"stderr"	"I[22:54:33.470] <-- textDocument/completion(5)\nI[22:54:33.470] --> reply:textDocument/completion(5) 0 ms\n"
[ERROR][2022-10-06 22:54:33] .../vim/lsp/rpc.lua:733	"rpc"	"clangd"	"stderr"	"I[22:54:33.495] Failed to find compilation database for /home/mac/.dotfiles/.config/suckless/dwm/config.def.h\n"
[ERROR][2022-10-06 22:54:33] .../vim/lsp/rpc.lua:733	"rpc"	"clangd"	"stderr"	"I[22:54:33.495] ASTWorker building file /home/mac/.dotfiles/.config/suckless/dwm/config.def.h version 32 with command clangd fallback\n[/home/mac/.dotfiles/.config/suckless/dwm]\n/usr/bin/clang -xobjective-c++-header -resource-dir=/home/mac/.dotfiles/.local/share/nvim/mason/packages/clangd/clangd/lib/clang/15.0.1 -- /home/mac/.dotfiles/.config/suckless/dwm/config.def.h\n"
[ERROR][2022-10-06 22:54:33] .../vim/lsp/rpc.lua:733	"rpc"	"clangd"	"stderr"	"I[22:54:33.525] --> textDocument/publishDiagnostics\n"
[ERROR][2022-10-06 22:54:33] .../vim/lsp/rpc.lua:733	"rpc"	"clangd"	"stderr"	"I[22:54:33.756] <-- textDocument/didChange\n"
[ERROR][2022-10-06 22:54:33] .../vim/lsp/rpc.lua:733	"rpc"	"clangd"	"stderr"	"I[22:54:33.807] Failed to find compilation database for /home/mac/.dotfiles/.config/suckless/dwm/config.def.h\nI[22:54:33.808] ASTWorker building file /home/mac/.dotfiles/.config/suckless/dwm/config.def.h version 33 with command clangd fallback\n[/home/mac/.dotfiles/.config/suckless/dwm]\n/usr/bin/clang -xobjective-c++-header -resource-dir=/home/mac/.dotfiles/.local/share/nvim/mason/packages/clangd/clangd/lib/clang/15.0.1 -- /home/mac/.dotfiles/.config/suckless/dwm/config.def.h\n"
[ERROR][2022-10-06 22:54:33] .../vim/lsp/rpc.lua:733	"rpc"	"clangd"	"stderr"	"I[22:54:33.835] --> textDocument/publishDiagnostics\n"
[ERROR][2022-10-06 22:54:34] .../vim/lsp/rpc.lua:733	"rpc"	"clangd"	"stderr"	"I[22:54:34.219] <-- textDocument/didChange\n"
[ERROR][2022-10-06 22:54:34] .../vim/lsp/rpc.lua:733	"rpc"	"clangd"	"stderr"	"I[22:54:34.231] <-- textDocument/didChange\nI[22:54:34.231] <-- textDocument/completion(6)\nI[22:54:34.231] --> reply:textDocument/completion(6) 0 ms\n"
[ERROR][2022-10-06 22:54:34] .../vim/lsp/rpc.lua:733	"rpc"	"clangd"	"stderr"	"I[22:54:34.281] Failed to find compilation database for /home/mac/.dotfiles/.config/suckless/dwm/config.def.h\n"
[ERROR][2022-10-06 22:54:34] .../vim/lsp/rpc.lua:733	"rpc"	"clangd"	"stderr"	"I[22:54:34.283] ASTWorker building file /home/mac/.dotfiles/.config/suckless/dwm/config.def.h version 35 with command clangd fallback\n[/home/mac/.dotfiles/.config/suckless/dwm]\n/usr/bin/clang -xobjective-c++-header -resource-dir=/home/mac/.dotfiles/.local/share/nvim/mason/packages/clangd/clangd/lib/clang/15.0.1 -- /home/mac/.dotfiles/.config/suckless/dwm/config.def.h\n"
[ERROR][2022-10-06 22:54:34] .../vim/lsp/rpc.lua:733	"rpc"	"clangd"	"stderr"	"I[22:54:34.323] --> textDocument/publishDiagnostics\n"
[ERROR][2022-10-06 22:54:35] .../vim/lsp/rpc.lua:733	"rpc"	"clangd"	"stderr"	"I[22:54:35.134] <-- textDocument/didChange\n"
[ERROR][2022-10-06 22:54:35] .../vim/lsp/rpc.lua:733	"rpc"	"clangd"	"stderr"	"I[22:54:35.184] Failed to find compilation database for /home/mac/.dotfiles/.config/suckless/dwm/config.def.h\n"
[ERROR][2022-10-06 22:54:35] .../vim/lsp/rpc.lua:733	"rpc"	"clangd"	"stderr"	"I[22:54:35.184] ASTWorker building file /home/mac/.dotfiles/.config/suckless/dwm/config.def.h version 36 with command clangd fallback\n[/home/mac/.dotfiles/.config/suckless/dwm]\n/usr/bin/clang -xobjective-c++-header -resource-dir=/home/mac/.dotfiles/.local/share/nvim/mason/packages/clangd/clangd/lib/clang/15.0.1 -- /home/mac/.dotfiles/.config/suckless/dwm/config.def.h\n"
[ERROR][2022-10-06 22:54:35] .../vim/lsp/rpc.lua:733	"rpc"	"clangd"	"stderr"	"I[22:54:35.214] --> textDocument/publishDiagnostics\n"
[ERROR][2022-10-06 22:54:44] .../vim/lsp/rpc.lua:733	"rpc"	"clangd"	"stderr"	"I[22:54:44.626] <-- textDocument/didSave\nI[22:54:44.626] File version went from 36 to 36\n"
[ERROR][2022-10-06 22:54:44] .../vim/lsp/rpc.lua:733	"rpc"	"clangd"	"stderr"	"I[22:54:44.677] Failed to find compilation database for /home/mac/.dotfiles/.config/suckless/dwm/config.def.h\n"
[ERROR][2022-10-06 22:54:44] .../vim/lsp/rpc.lua:733	"rpc"	"clangd"	"stderr"	"I[22:54:44.677] ASTWorker building file /home/mac/.dotfiles/.config/suckless/dwm/config.def.h version 36 with command clangd fallback\n[/home/mac/.dotfiles/.config/suckless/dwm]\n/usr/bin/clang -xobjective-c++-header -resource-dir=/home/mac/.dotfiles/.local/share/nvim/mason/packages/clangd/clangd/lib/clang/15.0.1 -- /home/mac/.dotfiles/.config/suckless/dwm/config.def.h\n"
[ERROR][2022-10-06 22:54:45] .../vim/lsp/rpc.lua:733	"rpc"	"clangd"	"stderr"	"I[22:54:45.236] <-- shutdown(7)\nI[22:54:45.236] --> reply:shutdown(7) 0 ms\n"
[ERROR][2022-10-06 22:54:45] .../vim/lsp/rpc.lua:733	"rpc"	"clangd"	"stderr"	"I[22:54:45.253] <-- exit\nI[22:54:45.253] LSP finished, exiting with status 0\n"
